Log file open, 11/02/18 14:16:28
LogWindows: Failed to load 'aqProf.dll' (GetLastError=126)
LogWindows: File 'aqProf.dll' does not exist
LogWindows: Failed to load 'VtuneApi.dll' (GetLastError=126)
LogWindows: File 'VtuneApi.dll' does not exist
LogWindows: Failed to load 'VtuneApi32e.dll' (GetLastError=126)
LogWindows: File 'VtuneApi32e.dll' does not exist
LogInit: Display: Running engine for game: HorrorRunner
LogPlatformFile: Not using cached read wrapper
LogInit: Display: RandInit(769463069) SRandInit(769463069).
LogInit: Read version file with build ID '3944462'
LogInit: Overriding engine version to CL 4033788, compatible CL 3944462
LogInit: Registered custom module enumerator with build ID '3944462'
LogTaskGraph: Started task graph with 5 named threads and 14 total threads with 3 sets of task threads.
LogStats: Stats thread started at 10.973095
LogD3D11RHI: Aftermath initialized
LogICUInternationalization: Display: ICU TimeZone Detection - Raw Offset: +0:00, Platform Override: ''
LogModuleManager: Display: Found up-to-date module file ../../../Engine/Plugins/2D/Paper2D/Binaries/Win64/UE4Editor-Paper2D.dll (API version 3944462).
LogModuleManager: Display: Found up-to-date module file ../../../Engine/Plugins/2D/Paper2D/Binaries/Win64/UE4Editor-Paper2DEditor.dll (API version 3944462).
LogModuleManager: Display: Found up-to-date module file ../../../Engine/Plugins/2D/Paper2D/Binaries/Win64/UE4Editor-PaperSpriteSheetImporter.dll (API version 3944462).
LogModuleManager: Display: Found up-to-date module file ../../../Engine/Plugins/2D/Paper2D/Binaries/Win64/UE4Editor-PaperTiledImporter.dll (API version 3944462).
LogModuleManager: Display: Found up-to-date module file ../../../Engine/Plugins/2D/Paper2D/Binaries/Win64/UE4Editor-SmartSnapping.dll (API version 3944462).
LogModuleManager: Display: Found up-to-date module file ../../../Engine/Plugins/Blendables/LightPropagationVolume/Binaries/Win64/UE4Editor-LightPropagationVolumeRuntime.dll (API version 3944462).
LogModuleManager: Display: Found up-to-date module file ../../../Engine/Plugins/Blendables/LightPropagationVolume/Binaries/Win64/UE4Editor-LightPropagationVolumeEditor.dll (API version 3944462).
LogModuleManager: Display: Found up-to-date module file ../../../Engine/Plugins/Developer/CLionSourceCodeAccess/Binaries/Win64/UE4Editor-CLionSourceCodeAccess.dll (API version 3944462).
LogModuleManager: Display: Found up-to-date module file ../../../Engine/Plugins/Developer/GitSourceControl/Binaries/Win64/UE4Editor-GitSourceControl.dll (API version 3944462).
LogModuleManager: Display: Found up-to-date module file ../../../Engine/Plugins/Developer/PerforceSourceControl/Binaries/Win64/UE4Editor-PerforceSourceControl.dll (API version 3944462).
LogModuleManager: Display: Found up-to-date module file ../../../Engine/Plugins/Developer/SubversionSourceControl/Binaries/Win64/UE4Editor-SubversionSourceControl.dll (API version 3944462).
LogModuleManager: Display: Found up-to-date module file ../../../Engine/Plugins/Developer/UObjectPlugin/Binaries/Win64/UE4Editor-UObjectPlugin.dll (API version 3944462).
LogModuleManager: Display: Found up-to-date module file ../../../Engine/Plugins/Developer/VisualStudioCodeSourceCodeAccess/Binaries/Win64/UE4Editor-VisualStudioCodeSourceCodeAccess.dll (API version 3944462).
LogModuleManager: Display: Found up-to-date module file ../../../Engine/Plugins/Developer/VisualStudioSourceCodeAccess/Binaries/Win64/UE4Editor-VisualStudioSourceCodeAccess.dll (API version 3944462).
LogModuleManager: Display: Found up-to-date module file ../../../Engine/Plugins/Editor/AssetManagerEditor/Binaries/Win64/UE4Editor-AssetManagerEditor.dll (API version 3944462).
LogModuleManager: Display: Found up-to-date module file ../../../Engine/Plugins/Editor/CryptoKeys/Binaries/Win64/UE4Editor-CryptoKeys.dll (API version 3944462).
LogModuleManager: Display: Found up-to-date module file ../../../Engine/Plugins/Editor/CryptoKeys/Binaries/Win64/UE4Editor-CryptoKeysOpenSSL.dll (API version 3944462).
LogModuleManager: Display: Found up-to-date module file ../../../Engine/Plugins/Editor/DataValidation/Binaries/Win64/UE4Editor-DataValidation.dll (API version 3944462).
LogModuleManager: Display: Found up-to-date module file ../../../Engine/Plugins/Editor/FacialAnimation/Binaries/Win64/UE4Editor-FacialAnimation.dll (API version 3944462).
LogModuleManager: Display: Found up-to-date module file ../../../Engine/Plugins/Editor/FacialAnimation/Binaries/Win64/UE4Editor-FacialAnimationEditor.dll (API version 3944462).
LogModuleManager: Display: Found up-to-date module file ../../../Engine/Plugins/Editor/GameplayTagsEditor/Binaries/Win64/UE4Editor-GameplayTagsEditor.dll (API version 3944462).
LogModuleManager: Display: Found up-to-date module file ../../../Engine/Plugins/Editor/MobileLauncherProfileWizard/Binaries/Win64/UE4Editor-MobileLauncherProfileWizard.dll (API version 3944462).
LogModuleManager: Display: Found up-to-date module file ../../../Engine/Plugins/Editor/PluginBrowser/Binaries/Win64/UE4Editor-PluginBrowser.dll (API version 3944462).
LogModuleManager: Display: Found up-to-date module file ../../../Engine/Plugins/Editor/SpeedTreeImporter/Binaries/Win64/UE4Editor-SpeedTreeImporter.dll (API version 3944462).
LogModuleManager: Display: Found up-to-date module file ../../../Engine/Plugins/Enterprise/DatasmithContent/Binaries/Win64/UE4Editor-DatasmithContent.dll (API version 3944462).
LogModuleManager: Display: Found up-to-date module file ../../../Engine/Plugins/Experimental/AlembicImporter/Binaries/Win64/UE4Editor-AlembicImporter.dll (API version 3944462).
LogModuleManager: Display: Found up-to-date module file ../../../Engine/Plugins/Experimental/AlembicImporter/Binaries/Win64/UE4Editor-AlembicLibrary.dll (API version 3944462).
LogModuleManager: Display: Found up-to-date module file ../../../Engine/Plugins/Experimental/CharacterAI/Binaries/Win64/UE4Editor-CharacterAI.dll (API version 3944462).
LogModuleManager: Display: Found up-to-date module file ../../../Engine/Plugins/Experimental/HTML5Networking/Binaries/Win64/UE4Editor-HTML5Networking.dll (API version 3944462).
LogModuleManager: Display: Found up-to-date module file ../../../Engine/Plugins/Media/AndroidMedia/Binaries/Win64/UE4Editor-AndroidMediaEditor.dll (API version 3944462).
LogModuleManager: Display: Found up-to-date module file ../../../Engine/Plugins/Media/AndroidMedia/Binaries/Win64/UE4Editor-AndroidMediaFactory.dll (API version 3944462).
LogModuleManager: Display: Found up-to-date module file ../../../Engine/Plugins/Media/AvfMedia/Binaries/Win64/UE4Editor-AvfMediaEditor.dll (API version 3944462).
LogModuleManager: Display: Found up-to-date module file ../../../Engine/Plugins/Media/AvfMedia/Binaries/Win64/UE4Editor-AvfMediaFactory.dll (API version 3944462).
LogModuleManager: Display: Found up-to-date module file ../../../Engine/Plugins/Media/AvfMedia/Binaries/Win64/UE4Editor-AvfMediaFactory.dll (API version 3944462).
LogModuleManager: Display: Found up-to-date module file ../../../Engine/Plugins/Media/ImgMedia/Binaries/Win64/UE4Editor-ImgMedia.dll (API version 3944462).
LogModuleManager: Display: Found up-to-date module file ../../../Engine/Plugins/Media/ImgMedia/Binaries/Win64/UE4Editor-ImgMediaEditor.dll (API version 3944462).
LogModuleManager: Display: Found up-to-date module file ../../../Engine/Plugins/Media/ImgMedia/Binaries/Win64/UE4Editor-ImgMediaFactory.dll (API version 3944462).
LogModuleManager: Display: Found up-to-date module file ../../../Engine/Plugins/Media/ImgMedia/Binaries/Win64/UE4Editor-ImgMediaFactory.dll (API version 3944462).
LogModuleManager: Display: Found up-to-date module file ../../../Engine/Plugins/Media/ImgMedia/Binaries/Win64/UE4Editor-OpenExrWrapper.dll (API version 3944462).
LogModuleManager: Display: Found up-to-date module file ../../../Engine/Plugins/Media/LinearTimecode/Binaries/Win64/UE4Editor-LinearTimecode.dll (API version 3944462).
LogModuleManager: Display: Found up-to-date module file ../../../Engine/Plugins/Media/MediaCompositing/Binaries/Win64/UE4Editor-MediaCompositing.dll (API version 3944462).
LogModuleManager: Display: Found up-to-date module file ../../../Engine/Plugins/Media/MediaCompositing/Binaries/Win64/UE4Editor-MediaCompositingEditor.dll (API version 3944462).
LogModuleManager: Display: Found up-to-date module file ../../../Engine/Plugins/Media/MediaPlayerEditor/Binaries/Win64/UE4Editor-MediaPlayerEditor.dll (API version 3944462).
LogModuleManager: Display: Found up-to-date module file ../../../Engine/Plugins/Media/WmfMedia/Binaries/Win64/UE4Editor-WmfMedia.dll (API version 3944462).
LogModuleManager: Display: Found up-to-date module file ../../../Engine/Plugins/Media/WmfMedia/Binaries/Win64/UE4Editor-WmfMediaEditor.dll (API version 3944462).
LogModuleManager: Display: Found up-to-date module file ../../../Engine/Plugins/Media/WmfMedia/Binaries/Win64/UE4Editor-WmfMediaFactory.dll (API version 3944462).
LogModuleManager: Display: Found up-to-date module file ../../../Engine/Plugins/Media/WmfMedia/Binaries/Win64/UE4Editor-WmfMediaFactory.dll (API version 3944462).
LogModuleManager: Display: Found up-to-date module file ../../../Engine/Plugins/Messaging/TcpMessaging/Binaries/Win64/UE4Editor-TcpMessaging.dll (API version 3944462).
LogModuleManager: Display: Found up-to-date module file ../../../Engine/Plugins/Messaging/UdpMessaging/Binaries/Win64/UE4Editor-UdpMessaging.dll (API version 3944462).
LogModuleManager: Display: Found up-to-date module file ../../../Engine/Plugins/MovieScene/ActorSequence/Binaries/Win64/UE4Editor-ActorSequence.dll (API version 3944462).
LogModuleManager: Display: Found up-to-date module file ../../../Engine/Plugins/MovieScene/LevelSequenceEditor/Binaries/Win64/UE4Editor-LevelSequenceEditor.dll (API version 3944462).
LogModuleManager: Display: Found up-to-date module file ../../../Engine/Plugins/MovieScene/MatineeToLevelSequence/Binaries/Win64/UE4Editor-MatineeToLevelSequence.dll (API version 3944462).
LogModuleManager: Display: Found up-to-date module file ../../../Engine/Plugins/NetcodeUnitTest/NetcodeUnitTest/Binaries/Win64/UE4Editor-NetcodeUnitTest.dll (API version 3944462).
LogModuleManager: Display: Found up-to-date module file ../../../Engine/Plugins/NetcodeUnitTest/NUTUnrealEngine4/Binaries/Win64/UE4Editor-NUTUnrealEngine4.dll (API version 3944462).
LogModuleManager: Display: Found up-to-date module file ../../../Engine/Plugins/Online/OnlineSubsystem/Binaries/Win64/UE4Editor-OnlineSubsystem.dll (API version 3944462).
LogModuleManager: Display: Found up-to-date module file ../../../Engine/Plugins/Runtime/AndroidPermission/Binaries/Win64/UE4Editor-AndroidPermission.dll (API version 3944462).
LogModuleManager: Display: Found up-to-date module file ../../../Engine/Plugins/Online/OnlineSubsystemNull/Binaries/Win64/UE4Editor-OnlineSubsystemNull.dll (API version 3944462).
LogModuleManager: Display: Found up-to-date module file ../../../Engine/Plugins/Online/OnlineSubsystemUtils/Binaries/Win64/UE4Editor-OnlineSubsystemUtils.dll (API version 3944462).
LogModuleManager: Display: Found up-to-date module file ../../../Engine/Plugins/Online/OnlineSubsystemUtils/Binaries/Win64/UE4Editor-OnlineBlueprintSupport.dll (API version 3944462).
LogModuleManager: Display: Found up-to-date module file ../../../Engine/Plugins/Runtime/AndroidDeviceProfileSelector/Binaries/Win64/UE4Editor-AndroidDeviceProfileSelector.dll (API version 3944462).
LogModuleManager: Display: Found up-to-date module file ../../../Engine/Plugins/Runtime/AppleARKit/Binaries/Win64/UE4Editor-AppleARKit.dll (API version 3944462).
LogModuleManager: Display: Found up-to-date module file ../../../Engine/Plugins/Runtime/ProceduralMeshComponent/Binaries/Win64/UE4Editor-ProceduralMeshComponent.dll (API version 3944462).
LogModuleManager: Display: Found up-to-date module file ../../../Engine/Plugins/Runtime/ProceduralMeshComponent/Binaries/Win64/UE4Editor-ProceduralMeshComponentEditor.dll (API version 3944462).
LogModuleManager: Display: Found up-to-date module file ../../../Engine/Plugins/Animation/LiveLink/Binaries/Win64/UE4Editor-LiveLink.dll (API version 3944462).
LogModuleManager: Display: Found up-to-date module file ../../../Engine/Plugins/Animation/LiveLink/Binaries/Win64/UE4Editor-LiveLinkEditor.dll (API version 3944462).
LogModuleManager: Display: Found up-to-date module file ../../../Engine/Plugins/Runtime/ArchVisCharacter/Binaries/Win64/UE4Editor-ArchVisCharacter.dll (API version 3944462).
LogModuleManager: Display: Found up-to-date module file ../../../Engine/Plugins/Runtime/AudioCapture/Binaries/Win64/UE4Editor-AudioCapture.dll (API version 3944462).
LogModuleManager: Display: Found up-to-date module file ../../../Engine/Plugins/Runtime/AudioCapture/Binaries/Win64/UE4Editor-AudioCaptureEditor.dll (API version 3944462).
LogModuleManager: Display: Found up-to-date module file ../../../Engine/Plugins/Runtime/CableComponent/Binaries/Win64/UE4Editor-CableComponent.dll (API version 3944462).
LogModuleManager: Display: Found up-to-date module file ../../../Engine/Plugins/Runtime/CustomMeshComponent/Binaries/Win64/UE4Editor-CustomMeshComponent.dll (API version 3944462).
LogModuleManager: Display: Found up-to-date module file ../../../Engine/Plugins/Runtime/ExampleDeviceProfileSelector/Binaries/Win64/UE4Editor-ExampleDeviceProfileSelector.dll (API version 3944462).
LogModuleManager: Display: Found up-to-date module file ../../../Engine/Plugins/Runtime/HoudiniEngine/Binaries/Win64/UE4Editor-HoudiniEngineRuntime.dll (API version 3944462).
LogModuleManager: Display: Found up-to-date module file ../../../Engine/Plugins/Runtime/HoudiniEngine/Binaries/Win64/UE4Editor-HoudiniEngineEditor.dll (API version 3944462).
LogModuleManager: Display: Found up-to-date module file ../../../Engine/Plugins/Runtime/ImmediatePhysics/Binaries/Win64/UE4Editor-ImmediatePhysics.dll (API version 3944462).
LogModuleManager: Display: Found up-to-date module file ../../../Engine/Plugins/Runtime/ImmediatePhysics/Binaries/Win64/UE4Editor-ImmediatePhysicsEditor.dll (API version 3944462).
LogModuleManager: Display: Found up-to-date module file ../../../Engine/Plugins/Runtime/LocationServicesBPLibrary/Binaries/Win64/UE4Editor-LocationServicesBPLibrary.dll (API version 3944462).
LogModuleManager: Display: Found up-to-date module file ../../../Engine/Plugins/Runtime/MobilePatchingUtils/Binaries/Win64/UE4Editor-MobilePatchingUtils.dll (API version 3944462).
LogModuleManager: Display: Found up-to-date module file ../../../Engine/Plugins/Runtime/Oculus/OculusVR/Binaries/Win64/UE4Editor-OculusHMD.dll (API version 3944462).
LogModuleManager: Display: Found up-to-date module file ../../../Engine/Plugins/Runtime/Oculus/OculusVR/Binaries/Win64/UE4Editor-OculusInput.dll (API version 3944462).
LogModuleManager: Display: Found up-to-date module file ../../../Engine/Plugins/Runtime/Oculus/OculusVR/Binaries/Win64/UE4Editor-OculusEditor.dll (API version 3944462).
LogModuleManager: Display: Found up-to-date module file ../../../Engine/Plugins/Runtime/PhysXVehicles/Binaries/Win64/UE4Editor-PhysXVehicles.dll (API version 3944462).
LogModuleManager: Display: Found up-to-date module file ../../../Engine/Plugins/Runtime/PhysXVehicles/Binaries/Win64/UE4Editor-PhysXVehiclesEditor.dll (API version 3944462).
LogModuleManager: Display: Found up-to-date module file ../../../Engine/Plugins/Runtime/RuntimePhysXCooking/Binaries/Win64/UE4Editor-RuntimePhysXCooking.dll (API version 3944462).
LogModuleManager: Display: Found up-to-date module file ../../../Engine/Plugins/Runtime/Steam/SteamVR/Binaries/Win64/UE4Editor-SteamVR.dll (API version 3944462).
LogModuleManager: Display: Found up-to-date module file ../../../Engine/Plugins/Runtime/Steam/SteamVR/Binaries/Win64/UE4Editor-SteamVRController.dll (API version 3944462).
LogModuleManager: Display: Found up-to-date module file ../../../Engine/Plugins/Runtime/WindowsMoviePlayer/Binaries/Win64/UE4Editor-WindowsMoviePlayer.dll (API version 3944462).
LogPluginManager: Mounting plugin Paper2D
LogPluginManager: Mounting plugin LiveLink
LogPluginManager: Mounting plugin LightPropagationVolume
LogPluginManager: Mounting plugin CLionSourceCodeAccess
LogPluginManager: Mounting plugin CodeLiteSourceCodeAccess
LogPluginManager: Mounting plugin GitSourceControl
LogPluginManager: Mounting plugin KDevelopSourceCodeAccess
LogPluginManager: Mounting plugin NullSourceCodeAccess
LogPluginManager: Mounting plugin PerforceSourceControl
LogPluginManager: Mounting plugin SubversionSourceControl
LogPluginManager: Mounting plugin UObjectPlugin
LogPluginManager: Mounting plugin VisualStudioCodeSourceCodeAccess
LogPluginManager: Mounting plugin VisualStudioSourceCodeAccess
LogPluginManager: Mounting plugin XCodeSourceCodeAccess
LogPluginManager: Mounting plugin AssetManagerEditor
LogPluginManager: Mounting plugin CryptoKeys
LogPluginManager: Mounting plugin DataValidation
LogPluginManager: Mounting plugin FacialAnimation
LogPluginManager: Mounting plugin GameplayTagsEditor
LogPluginManager: Mounting plugin MobileLauncherProfileWizard
LogPluginManager: Mounting plugin PluginBrowser
LogPluginManager: Mounting plugin SpeedTreeImporter
LogPluginManager: Mounting plugin DatasmithContent
LogPluginManager: Mounting plugin AlembicImporter
LogPluginManager: Mounting plugin CharacterAI
LogPluginManager: Mounting plugin HTML5Networking
LogPluginManager: Mounting plugin AndroidMedia
LogPluginManager: Mounting plugin AvfMedia
LogPluginManager: Mounting plugin ImgMedia
LogPluginManager: Mounting plugin LinearTimecode
LogPluginManager: Mounting plugin MediaCompositing
LogPluginManager: Mounting plugin MediaPlayerEditor
LogPluginManager: Mounting plugin WmfMedia
LogPluginManager: Mounting plugin TcpMessaging
LogPluginManager: Mounting plugin UdpMessaging
LogPluginManager: Mounting plugin ActorSequence
LogPluginManager: Mounting plugin LevelSequenceEditor
LogPluginManager: Mounting plugin MatineeToLevelSequence
LogPluginManager: Mounting plugin NetcodeUnitTest
LogPluginManager: Mounting plugin NUTUnrealEngine4
LogPluginManager: Mounting plugin OnlineSubsystemGooglePlay
LogPluginManager: Mounting plugin OnlineSubsystemIOS
LogPluginManager: Mounting plugin OnlineSubsystem
LogPluginManager: Mounting plugin OnlineSubsystemNull
LogPluginManager: Mounting plugin OnlineSubsystemUtils
LogPluginManager: Mounting plugin AndroidDeviceProfileSelector
LogPluginManager: Mounting plugin AndroidMoviePlayer
LogPluginManager: Mounting plugin AndroidPermission
LogPluginManager: Mounting plugin AppleARKit
LogPluginManager: Mounting plugin AppleMoviePlayer
LogPluginManager: Mounting plugin ArchVisCharacter
LogPluginManager: Mounting plugin AudioCapture
LogPluginManager: Mounting plugin CableComponent
LogPluginManager: Mounting plugin CustomMeshComponent
LogPluginManager: Mounting plugin ExampleDeviceProfileSelector
LogPluginManager: Mounting plugin GoogleCloudMessaging
LogPluginManager: Mounting plugin HoudiniEngine
LogPluginManager: Mounting plugin ImmediatePhysics
LogPluginManager: Mounting plugin IOSDeviceProfileSelector
LogPluginManager: Mounting plugin LinuxDeviceProfileSelector
LogPluginManager: Mounting plugin LocationServicesBPLibrary
LogPluginManager: Mounting plugin MobilePatchingUtils
LogPluginManager: Mounting plugin OculusVR
LogPluginManager: Plugin shader directory ../../../Engine/Plugins/Runtime/Oculus/OculusVR/Shaders found
LogPluginManager: Mapping shader source directory ../../../Engine/Plugins/Runtime/Oculus/OculusVR/Shaders to virtual directory /Plugin/OculusVR
LogPluginManager: Mounting plugin PhysXVehicles
LogPluginManager: Mounting plugin ProceduralMeshComponent
LogPluginManager: Mounting plugin RuntimePhysXCooking
LogPluginManager: Mounting plugin SteamVR
LogPluginManager: Mounting plugin WindowsMoviePlayer
LogStreaming: Display: Took  5.692s to configure plugins.
LogInit: Using libcurl 7.47.1
LogInit:  - built for x86_64-pc-win32
LogInit:  - supports SSL with OpenSSL/1.0.2g
LogInit:  - supports HTTP deflate (compression) using libz 1.2.8
LogInit:  - other features:
LogInit:      CURL_VERSION_SSL
LogInit:      CURL_VERSION_LIBZ
LogInit:      CURL_VERSION_IPV6
LogInit:      CURL_VERSION_ASYNCHDNS
LogInit:      CURL_VERSION_LARGEFILE
LogInit:      CURL_VERSION_IDN
LogInit:  CurlRequestOptions (configurable via config and command line):
LogInit:  - bVerifyPeer = false  - Libcurl will NOT verify peer certificate
LogInit:  - bUseHttpProxy = false  - Libcurl will NOT use HTTP proxy
LogInit:  - bDontReuseConnections = false  - Libcurl will reuse connections
LogInit:  - CertBundlePath = nullptr  - Libcurl will use whatever was configured at build time.
LogInit:  - MaxHostConnections = 16  - Libcurl will limit the number of connections to a host
LogInit:  - LocalHostAddr = Default
LogInit: WinSock: version 1.1 (2.2), MaxSocks=32767, MaxUdp=65467
LogInit: WinSock: I am DESKTOP-B6S4E87 (172.16.10.53:0)
LogInit: Build: ++UE4+Release-4.19-CL-4033788
LogInit: Engine Version: 4.19.2-4033788+++UE4+Release-4.19
LogInit: Compatible Engine Version: 4.19.0-3944462+++UE4+Release-4.19
LogInit: Net CL: 3944462
LogDevObjectVersion: Number of dev versions registered: 18
LogDevObjectVersion:   Dev-Blueprints (B0D832E4-1F89-4F0D-ACCF-7EB736FD4AA2): 10
LogDevObjectVersion:   Dev-Build (E1C64328-A22C-4D53-A36C-8E866417BD8C): 0
LogDevObjectVersion:   Dev-Core (375EC13C-06E4-48FB-B500-84F0262A717E): 2
LogDevObjectVersion:   Dev-Editor (E4B068ED-F494-42E9-A231-DA0B2E46BB41): 23
LogDevObjectVersion:   Dev-Framework (CFFC743F-43B0-4480-9391-14DF171D2073): 33
LogDevObjectVersion:   Dev-Mobile (B02B49B5-BB20-44E9-A304-32B752E40360): 2
LogDevObjectVersion:   Dev-Networking (A4E4105C-59A1-49B5-A7C5-40C4547EDFEE): 0
LogDevObjectVersion:   Dev-Online (39C831C9-5AE6-47DC-9A44-9C173E1C8E7C): 0
LogDevObjectVersion:   Dev-Physics (78F01B33-EBEA-4F98-B9B4-84EACCB95AA2): 0
LogDevObjectVersion:   Dev-Platform (6631380F-2D4D-43E0-8009-CF276956A95A): 0
LogDevObjectVersion:   Dev-Rendering (12F88B9F-8875-4AFC-A67C-D90C383ABD29): 25
LogDevObjectVersion:   Dev-Sequencer (7B5AE74C-D270-4C10-A958-57980B212A5A): 6
LogDevObjectVersion:   Dev-VR (D7296918-1DD6-4BDD-9DE2-64A83CC13884): 1
LogDevObjectVersion:   Dev-LoadTimes (C2A15278-BFE7-4AFE-6C17-90FF531DF755): 1
LogDevObjectVersion:   Private-Geometry (6EACA3D4-40EC-4CC1-B786-8BED09428FC5): 2
LogDevObjectVersion:   Dev-AnimPhys (29E575DD-E0A3-4627-9D10-D276232CDCEA): 16
LogDevObjectVersion:   Dev-ReflectionCapture (6B266CEC-1EC7-4B8F-A30B-E4D90942FC07): 1
LogDevObjectVersion:   Dev-Automation (0DF73D61-A23F-47EA-B727-89E90C41499A): 1
LogInit: Compiled (64-bit): Apr 27 2018 02:06:57
LogInit: Compiled with Visual C++: 19.00.24215.01
LogInit: Build Configuration: Development
LogInit: Branch Name: ++UE4+Release-4.19
LogInit: Command Line:  
LogInit: Base Directory: D:/(D)/UE_4.19/Engine/Binaries/Win64/
LogInit: Installed Engine Build: 1
LogStreaming: Display: Took  0.000s to delete old logs.
LogInit: Presizing for max 8388607 objects, including 0 objects not considered by GC, pre-allocating 0 bytes for permanent pool.
LogInit: Object subsystem initialized
[2018.11.02-14.16.39:371][  0]LogInit: Selected Device Profile: [Windows]
[2018.11.02-14.16.39:384][  0]LogInit: Applying CVar settings loaded from the selected device profile: [Windows]
[2018.11.02-14.16.39:727][  0]LogInit: Computer: DESKTOP-B6S4E87
[2018.11.02-14.16.39:727][  0]LogInit: User: Gabe
[2018.11.02-14.16.39:727][  0]LogInit: CPU Page size=4096, Cores=4
[2018.11.02-14.16.39:727][  0]LogInit: High frequency timer resolution =2.250004 MHz
[2018.11.02-14.16.39:757][  0]LogMemory: Memory total: Physical=7.9GB (8GB approx)
[2018.11.02-14.16.39:757][  0]LogMemory: Platform Memory Stats for Windows
[2018.11.02-14.16.39:757][  0]LogMemory: Process Physical Memory: 274.21 MB used, 274.21 MB peak
[2018.11.02-14.16.39:757][  0]LogMemory: Process Virtual Memory: 268.18 MB used, 268.18 MB peak
[2018.11.02-14.16.39:757][  0]LogMemory: Physical Memory: 6930.04 MB used,  1158.07 MB free, 8088.11 MB total
[2018.11.02-14.16.39:757][  0]LogMemory: Virtual Memory: 4788.22 MB used,  1158.07 MB free, 134217728.00 MB total
[2018.11.02-14.16.43:935][  0]LogInit: Using OS detected language (en-GB).
[2018.11.02-14.16.43:935][  0]LogInit: Using OS detected locale (en-GB).
[2018.11.02-14.16.44:380][  0]LogTextLocalizationManager: No specific localization for 'en-GB' exists, so the 'en' localization will be used.
[2018.11.02-14.16.45:637][  0]LogStreaming: Display: Took  1.674s to EndInitTextLocalization.
[2018.11.02-14.16.45:670][  0]LogInit: Setting process to per monitor DPI aware
[2018.11.02-14.16.46:532][  0]LogSlate: New Slate User Created.  User Index 0, Is Virtual User: 0
[2018.11.02-14.16.46:532][  0]LogSlate: Slate User Registered.  User Index 0, Is Virtual User: 0
[2018.11.02-14.16.51:197][  0]LogD3D11RHI: D3D11 adapters:
[2018.11.02-14.16.51:272][  0]LogD3D11RHI:    0. 'NVIDIA GeForce GTX 950M' (Feature Level 11_0)
[2018.11.02-14.16.51:272][  0]LogD3D11RHI:       2010/0/4044 MB DedicatedVideo/DedicatedSystem/SharedSystem, Outputs:1, VendorId:0x10de
[2018.11.02-14.16.51:285][  0]LogD3D11RHI:    1. 'Intel(R) HD Graphics 530' (Feature Level 11_0)
[2018.11.02-14.16.51:285][  0]LogD3D11RHI:       128/0/4044 MB DedicatedVideo/DedicatedSystem/SharedSystem, Outputs:0, VendorId:0x8086
[2018.11.02-14.16.51:292][  0]LogD3D11RHI:    2. 'Microsoft Basic Render Driver' (Feature Level 11_0)
[2018.11.02-14.16.51:292][  0]LogD3D11RHI:       0/0/4044 MB DedicatedVideo/DedicatedSystem/SharedSystem, Outputs:0, VendorId:0x1414
[2018.11.02-14.16.51:292][  0]LogD3D11RHI: Chosen D3D11 Adapter: 0
[2018.11.02-14.16.51:358][  0]LogD3D11RHI: Creating new Direct3DDevice
[2018.11.02-14.16.51:358][  0]LogD3D11RHI:     GPU DeviceId: 0x139a (for the marketing name, search the web for "GPU Device Id")
[2018.11.02-14.16.51:358][  0]LogWindows: EnumDisplayDevices:
[2018.11.02-14.16.51:359][  0]LogWindows:    0. 'Intel(R) HD Graphics 530' (P:1 D:1)
[2018.11.02-14.16.51:359][  0]LogWindows:    1. 'Intel(R) HD Graphics 530' (P:0 D:0)
[2018.11.02-14.16.51:359][  0]LogWindows:    2. 'Intel(R) HD Graphics 530' (P:0 D:0)
[2018.11.02-14.16.51:359][  0]LogWindows: DebugString: GetVideoDriverDetailsInvalid PrimaryIsNotTheChoosenAdapter GetVideoDriverDetailsInvalid PrimaryIsNotTheChoosenAdapter GetVideoDriverDetailsInvalid PrimaryIsNotTheChoosenAdapter FoundDriverCount:0 
[2018.11.02-14.16.51:359][  0]LogD3D11RHI:     Adapter Name: NVIDIA GeForce GTX 950M
[2018.11.02-14.16.51:359][  0]LogD3D11RHI:   Driver Version: Unknown (internal:Unknown, unified:Unknown)
[2018.11.02-14.16.51:359][  0]LogD3D11RHI:      Driver Date: Unknown
[2018.11.02-14.16.51:359][  0]LogRHI: Texture pool is 1407 MB (70% of 2010 MB)
[2018.11.02-14.16.51:419][  0]LogD3D11RHI: [Aftermath] Aftermath enabled and primed
[2018.11.02-14.16.51:419][  0]LogD3D11RHI: [Aftermath] Aftermath enabled and primed
[2018.11.02-14.16.51:419][  0]LogD3D11RHI: Async texture creation enabled
[2018.11.02-14.16.51:871][  0]LogD3D11RHI: GPU Timing Frequency: 1000.000000 (Debug: 2 2)
[2018.11.02-14.16.52:017][  0]LogShaderCompilers: Guid format shader working directory is -11 characters bigger than the processId version (C:/Users/Gabe/Documents/GitHub/SpookJam2018/HorrorRunner/Intermediate/Shaders/WorkingDirectory/9268/).
[2018.11.02-14.16.52:023][  0]LogShaderCompilers: Cleaned the shader compiler working directory 'C:/Users/Gabe/AppData/Local/Temp/UnrealShaderWorkingDir/E2246EE2431698FB1BC93CB835CCE99C/'.
[2018.11.02-14.16.54:623][  0]LogTemp: Display: Loaded TP AllDesktopTargetPlatform
[2018.11.02-14.16.54:667][  0]LogTemp: Display: Loaded TP MacClientTargetPlatform
[2018.11.02-14.16.54:697][  0]LogTemp: Display: Loaded TP MacNoEditorTargetPlatform
[2018.11.02-14.16.54:721][  0]LogTemp: Display: Loaded TP MacServerTargetPlatform
[2018.11.02-14.16.54:766][  0]LogTemp: Display: Loaded TP MacTargetPlatform
[2018.11.02-14.16.54:793][  0]LogTemp: Display: Loaded TP WindowsClientTargetPlatform
[2018.11.02-14.16.54:811][  0]LogTemp: Display: Loaded TP WindowsNoEditorTargetPlatform
[2018.11.02-14.16.54:828][  0]LogTemp: Display: Loaded TP WindowsServerTargetPlatform
[2018.11.02-14.16.54:838][  0]LogTemp: Display: Loaded TP WindowsTargetPlatform
[2018.11.02-14.16.54:853][  0]LogTemp: Display: Loaded TP Android_ASTCTargetPlatform
[2018.11.02-14.16.54:871][  0]LogTemp: Display: Loaded TP Android_ATCTargetPlatform
[2018.11.02-14.16.54:906][  0]LogTemp: Display: Loaded TP Android_DXTTargetPlatform
[2018.11.02-14.16.54:923][  0]LogTemp: Display: Loaded TP Android_ETC1aTargetPlatform
[2018.11.02-14.16.54:940][  0]LogTemp: Display: Loaded TP Android_ETC1TargetPlatform
[2018.11.02-14.16.54:956][  0]LogTemp: Display: Loaded TP Android_ETC2TargetPlatform
[2018.11.02-14.16.55:021][  0]LogTemp: Display: Loaded TP Android_MultiTargetPlatform
[2018.11.02-14.16.55:021][  0]LogTemp: Display: Loaded TP Android_PVRTCTargetPlatform
[2018.11.02-14.16.55:073][  0]LogTemp: Display: Loaded TP AndroidTargetPlatform
[2018.11.02-14.16.55:099][  0]LogTemp: Display: Loaded TP HTML5TargetPlatform
[2018.11.02-14.16.55:267][  0]LogTemp: Display: Loaded TP IOSTargetPlatform
[2018.11.02-14.16.55:291][  0]LogTemp: Display: Loaded TP TVOSTargetPlatform
[2018.11.02-14.16.55:322][  0]LogTemp: Display: Loaded TP LinuxClientTargetPlatform
[2018.11.02-14.16.55:372][  0]LogTemp: Display: Loaded TP LinuxNoEditorTargetPlatform
[2018.11.02-14.16.55:407][  0]LogTemp: Display: Loaded TP LinuxServerTargetPlatform
[2018.11.02-14.16.55:482][  0]LogTemp: Display: Loaded TP LinuxTargetPlatform
[2018.11.02-14.16.55:482][  0]LogTargetPlatformManager: Display: Building Assets For Windows
[2018.11.02-14.16.56:443][  0]LogXGEController: Cleaning working directory: C:/Users/Gabe/AppData/Local/Temp/UnrealXGEWorkingDir/
[2018.11.02-14.16.56:444][  0]LogXGEController: Cannot use XGE Controller as Incredibuild is not installed on this machine.
[2018.11.02-14.16.56:456][  0]LogShaderCompilers: Cannot use XGE Shader Compiler as Incredibuild is not installed on this machine.
[2018.11.02-14.16.56:456][  0]LogShaderCompilers: Display: Using Local Shader Compiler.
[2018.11.02-14.17.01:225][  0]LogDerivedDataCache: Display: Max Cache Size: 512 MB
[2018.11.02-14.17.01:225][  0]LogDerivedDataCache: Display: Starting with empty Boot cache
[2018.11.02-14.17.01:225][  0]LogDerivedDataCache: FDerivedDataBackendGraph:  Pak pak cache file C:/Users/Gabe/Documents/GitHub/SpookJam2018/HorrorRunner/DerivedDataCache/DDC.ddp not found, will not use a pak cache.
[2018.11.02-14.17.01:225][  0]LogDerivedDataCache: Unable to find inner node Pak for hierarchical cache Hierarchy.
[2018.11.02-14.17.01:226][  0]LogDerivedDataCache: FDerivedDataBackendGraph:  CompressedPak pak cache file C:/Users/Gabe/Documents/GitHub/SpookJam2018/HorrorRunner/DerivedDataCache/Compressed.ddp not found, will not use a pak cache.
[2018.11.02-14.17.01:226][  0]LogDerivedDataCache: Unable to find inner node CompressedPak for hierarchical cache Hierarchy.
[2018.11.02-14.17.01:314][  0]LogDerivedDataCache: Display: Pak cache opened for reading ../../../Engine/DerivedDataCache/Compressed.ddp.
[2018.11.02-14.17.01:328][  0]LogDerivedDataCache: Using Local data cache path C:/Users/Gabe/AppData/Local/UnrealEngine/Common/DerivedDataCache: Writable
[2018.11.02-14.17.01:328][  0]LogDerivedDataCache: Shared data cache path not found in *engine.ini, will not use an Shared cache.
[2018.11.02-14.17.01:328][  0]LogDerivedDataCache: Unable to find inner node Shared for hierarchical cache Hierarchy.
[2018.11.02-14.17.01:480][  0]LogMaterial: Verifying Global Shaders for PCD3D_SM5
[2018.11.02-14.17.01:533][  0]LogSlate: Using Freetype 2.6.0
[2018.11.02-14.17.01:799][  0]LogSlate: SlateFontCache - WITH_FREETYPE: 1, WITH_HARFBUZZ: 1
[2018.11.02-14.17.01:799][  0]LogSlate: SlateFontCache - WITH_FREETYPE: 1, WITH_HARFBUZZ: 1
[2018.11.02-14.17.16:990][  0]LogAssetRegistry: FAssetRegistry took 0.0402 seconds to start up
[2018.11.02-14.17.30:960][  0]LogInit: Selected Device Profile: [Windows]
[2018.11.02-14.17.41:856][  0]LogSimplygon: Simplygon DLL not present - disabling.
[2018.11.02-14.17.41:947][  0]LogMeshReduction: Using SimplygonSwarm for distributed automatic mesh merging
[2018.11.02-14.17.41:948][  0]LogMeshReduction: Using QuadricMeshReduction for automatic static mesh reduction
[2018.11.02-14.17.41:948][  0]LogMeshReduction: No automatic skeletal mesh reduction module available
[2018.11.02-14.17.41:948][  0]LogMeshReduction: No automatic mesh merging module available
[2018.11.02-14.17.41:948][  0]LogMeshMerging: No automatic mesh merging module available
[2018.11.02-14.17.45:230][  0]LogNetVersion: HorrorRunner , NetCL: 3944462, EngineNetVer: 2, GameNetVer: 0 (Checksum: 310788948)
[2018.11.02-14.18.13:003][  0]LogPackageLocalizationCache: Processed 10 localized package path(s) for 2 prioritized culture(s) in 0.347461 seconds
[2018.11.02-14.18.13:058][  0]LogUObjectArray: 36728 objects as part of root set at end of initial load.
[2018.11.02-14.18.13:058][  0]LogUObjectAllocator: 7314304 out of 0 bytes used by permanent object pool.
[2018.11.02-14.18.13:058][  0]LogUObjectArray: CloseDisregardForGC: 0/0 objects in disregard for GC pool
[2018.11.02-14.18.47:531][  0]LogTcpMessaging: Initializing TcpMessaging bridge
[2018.11.02-14.18.47:613][  0]LogUdpMessaging: Initializing bridge on interface 0.0.0.0:0 to multicast group 230.0.0.1:6666.
[2018.11.02-14.18.49:243][  0]SourceControl: Source control is disabled
[2018.11.02-14.18.49:244][  0]SourceControl: Source control is disabled
[2018.11.02-14.18.49:448][  0]SourceControl: Source control is disabled
[2018.11.02-14.18.49:529][  0]SourceControl: Source control is disabled
[2018.11.02-14.18.51:650][  0]LogAndroidPermission: UAndroidPermissionCallbackProxy::GetInstance
[2018.11.02-14.18.52:306][  0]LogHoudiniEngine: Starting the Houdini Engine module.
[2018.11.02-14.18.52:343][  0]LogHoudiniEngine: Loaded libHAPIL.dll from Registry path C:\Program Files\Side Effects Software\Houdini 16.5.536/bin
[2018.11.02-14.18.52:354][  0]LogLinker: Warning: Asset '../../Plugins/Runtime/HoudiniEngine/Content/houdini_logo.uasset' has been saved with empty engine version. The asset will be loaded but may be incompatible.
[2018.11.02-14.18.52:374][  0]LogStaticMesh: Building static mesh houdini_logo...
[2018.11.02-14.18.52:486][  0]LogStaticMesh: Built static mesh [0.13s] /HoudiniEngine/houdini_logo.houdini_logo
[2018.11.02-14.18.52:647][  0]LogLinker: Warning: Asset '../../Plugins/Runtime/HoudiniEngine/Content/houdini_default_material.uasset' has been saved with empty engine version. The asset will be loaded but may be incompatible.
[2018.11.02-14.18.52:672][  0]LogMaterial: Missing cached shader map for material houdini_default_material, compiling. 
[2018.11.02-14.18.52:926][  0]LogLinker: Warning: Asset '../../Plugins/Runtime/HoudiniEngine/Content/houdini_bgeo_import.uasset' has been saved with empty engine version. The asset will be loaded but may be incompatible.
[2018.11.02-14.18.56:464][  0]LogShaderCompilers: Display: Shaders left to compile 43
[2018.11.02-14.18.56:464][  0]LogShaderCompilers: Display: Shaders left to compile 33
[2018.11.02-14.18.56:464][  0]LogShaderCompilers: Display: Shaders left to compile 23
[2018.11.02-14.18.56:464][  0]LogHoudiniEngine: Error: Failed to create a Houdini Engine session
[2018.11.02-14.18.56:466][  0]LogHoudiniEngine: Starting up the Houdini Engine API module failed: Already Initialized
[2018.11.02-14.18.56:653][  0]LogOcInput: OculusInput pre-init called
[2018.11.02-14.18.58:928][  0]LogEngine: Initializing Engine...
[2018.11.02-14.18.59:063][  0]LogHMD: Failed to initialize OpenVR with code 110
[2018.11.02-14.18.59:171][  0]LogStats: UGameplayTagsManager::ConstructGameplayTagTree: Construct from data asset -  0.000 s
[2018.11.02-14.18.59:172][  0]LogStats: UGameplayTagsManager::ConstructGameplayTagTree: GameplayTagTreeChangedEvent.Broadcast -  0.000 s
[2018.11.02-14.19.01:881][  0]LogShaderCompilers: Display: Shaders left to compile 13
[2018.11.02-14.19.01:881][  0]LogShaderCompilers: Display: Shaders left to compile 3
[2018.11.02-14.19.01:881][  0]LogAIModule: Creating AISystem for world Untitled
[2018.11.02-14.19.02:430][  0]LogInit: XAudio2 using 'Speakers (Conexant SmartAudio HD)' : 2 channels at 48 kHz using 32 bits per sample (channel mask 0x3)
[2018.11.02-14.19.04:525][  0]LogInit: FAudioDevice initialized.
[2018.11.02-14.19.08:490][  0]LogDerivedDataCache: Saved boot cache 3.86s 74MB C:/Users/Gabe/AppData/Local/UnrealEngine/4.19/DerivedDataCache/Boot.ddc.
[2018.11.02-14.19.08:602][  0]LogInit: Texture streaming: Enabled
[2018.11.02-14.19.09:479][  0]LogEngineSessionManager: EngineSessionManager initialized
[2018.11.02-14.19.10:220][  0]LogInit: Transaction tracking system initialized
[2018.11.02-14.19.10:835][  0]BlueprintLog: New page: Editor Load
[2018.11.02-14.19.13:840][  0]LocalizationService: Localization service is disabled
[2018.11.02-14.19.14:890][  0]LogConsoleResponse: Display: 
[2018.11.02-14.19.17:815][  0]LogFileCache: Scanning file cache for directory 'C:/Users/Gabe/Documents/GitHub/SpookJam2018/HorrorRunner/Content/' took 0.05s
[2018.11.02-14.19.17:815][  0]LogCook: Display: Max memory allowance for cook 16384mb min free memory 0mb
[2018.11.02-14.19.17:815][  0]LogCook: Display: Mobile HDR setting 1
[2018.11.02-14.19.17:815][  0]LogGameplayTags: Display: UGameplayTagsManager::DoneAddingNativeTags. DelegateIsBound: 0
[2018.11.02-14.19.17:815][  0]LogStats: UGameplayTagsManager::ConstructGameplayTagTree: Construct from data asset -  0.000 s
[2018.11.02-14.19.17:815][  0]LogStats: UGameplayTagsManager::ConstructGameplayTagTree: GameplayTagTreeChangedEvent.Broadcast -  0.000 s
[2018.11.02-14.19.20:877][  0]LogHoudiniEngineEditor: Starting the Houdini Engine Editor module.
[2018.11.02-14.19.22:516][  0]SourceControl: Source control is disabled
[2018.11.02-14.19.22:582][  0]Cmd: MAP LOAD FILE="C:/Users/Gabe/Documents/GitHub/SpookJam2018/HorrorRunner/Content/FirstPersonBP/Maps/FirstPersonExampleMap.umap" TEMPLATE=0 SHOWPROGRESS=1 FEATURELEVEL=3
[2018.11.02-14.19.22:593][  0]LightingResults: New page: Lighting Build
[2018.11.02-14.19.22:837][  0]MapCheck: New page: Map Check
[2018.11.02-14.19.22:837][  0]LightingResults: New page: Lighting Build
[2018.11.02-14.19.24:925][  0]LogUObjectGlobals: Created PersistentFrame Addr=0x0000020f390af6a0, Size=72, Default__FirstPerson_AnimBP_C Function /Game/FirstPerson/Animations/FirstPerson_AnimBP.FirstPerson_AnimBP_C:ExecuteUbergraph_FirstPerson_AnimBP
[2018.11.02-14.19.25:188][  0]LogUObjectGlobals: Destroyed PersistentFrame Addr=0x0000020f390af6a0, Size=72
[2018.11.02-14.19.25:188][  0]LogUObjectGlobals: Created PersistentFrame Addr=0x0000020f33c00090, Size=72, Default__FirstPerson_AnimBP_C Function /Engine/Transient.REINST_FirstPerson_AnimBP_C_0:ExecuteUbergraph_FirstPerson_AnimBP
[2018.11.02-14.19.25:365][  0]LogUObjectGlobals: Created PersistentFrame Addr=0x0000020f390295d0, Size=72, Default__FirstPerson_AnimBP_C Function /Game/FirstPerson/Animations/FirstPerson_AnimBP.FirstPerson_AnimBP_C:ExecuteUbergraph_FirstPerson_AnimBP
[2018.11.02-14.19.25:418][  0]LogUObjectGlobals: Created PersistentFrame Addr=0x0000020f38fef900, Size=256, Default__FirstPersonProjectile_C Function /Game/FirstPersonBP/Blueprints/FirstPersonProjectile.FirstPersonProjectile_C:ExecuteUbergraph_FirstPersonProjectile
[2018.11.02-14.19.25:504][  0]LogUObjectGlobals: Destroyed PersistentFrame Addr=0x0000020f38fef900, Size=256
[2018.11.02-14.19.25:504][  0]LogUObjectGlobals: Created PersistentFrame Addr=0x0000020f38fef900, Size=256, Default__FirstPersonProjectile_C Function /Engine/Transient.REINST_FirstPersonProjectile_C_4:ExecuteUbergraph_FirstPersonProjectile
[2018.11.02-14.19.25:507][  0]LogUObjectGlobals: Created PersistentFrame Addr=0x0000020f38feca00, Size=256, Default__FirstPersonProjectile_C Function /Game/FirstPersonBP/Blueprints/FirstPersonProjectile.FirstPersonProjectile_C:ExecuteUbergraph_FirstPersonProjectile
[2018.11.02-14.19.26:743][  0]LogUObjectGlobals: Created PersistentFrame Addr=0x0000020f398ece00, Size=528, Default__FirstPersonCharacter_C Function /Game/FirstPersonBP/Blueprints/FirstPersonCharacter.FirstPersonCharacter_C:ExecuteUbergraph_FirstPersonCharacter
[2018.11.02-14.19.26:803][  0]LogUObjectGlobals: Destroyed PersistentFrame Addr=0x0000020f398ece00, Size=528
[2018.11.02-14.19.26:803][  0]LogUObjectGlobals: Created PersistentFrame Addr=0x0000020f398ece00, Size=528, Default__FirstPersonCharacter_C Function /Engine/Transient.REINST_FirstPersonCharacter_C_6:ExecuteUbergraph_FirstPersonCharacter
[2018.11.02-14.19.26:812][  0]LogUObjectGlobals: Created PersistentFrame Addr=0x0000020f39846700, Size=528, Default__FirstPersonCharacter_C Function /Game/FirstPersonBP/Blueprints/FirstPersonCharacter.FirstPersonCharacter_C:ExecuteUbergraph_FirstPersonCharacter
[2018.11.02-14.19.27:128][  0]LogUObjectGlobals: Created PersistentFrame Addr=0x0000020f38fd6748, Size=52, Default__FirstPersonHUD_C Function /Game/FirstPersonBP/Blueprints/FirstPersonHUD.FirstPersonHUD_C:ExecuteUbergraph_FirstPersonHUD
[2018.11.02-14.19.27:131][  0]LogUObjectGlobals: Destroyed PersistentFrame Addr=0x0000020f38fd6748, Size=52
[2018.11.02-14.19.27:131][  0]LogUObjectGlobals: Created PersistentFrame Addr=0x0000020f38fd6748, Size=52, Default__FirstPersonHUD_C Function /Engine/Transient.REINST_FirstPersonHUD_C_10:ExecuteUbergraph_FirstPersonHUD
[2018.11.02-14.19.27:136][  0]LogUObjectGlobals: Created PersistentFrame Addr=0x0000020f38fd46b0, Size=52, Default__FirstPersonHUD_C Function /Game/FirstPersonBP/Blueprints/FirstPersonHUD.FirstPersonHUD_C:ExecuteUbergraph_FirstPersonHUD
[2018.11.02-14.19.27:139][  0]LogUObjectGlobals: Created PersistentFrame Addr=0x0000020f39e37a00, Size=16, Default__FirstPersonGameMode_C Function /Game/FirstPersonBP/Blueprints/FirstPersonGameMode.FirstPersonGameMode_C:ExecuteUbergraph_FirstPersonGameMode
[2018.11.02-14.19.27:141][  0]LogUObjectGlobals: Created PersistentFrame Addr=0x0000020f39eaacc0, Size=224, Default__HallSegment_C Function /Game/FirstPersonBP/Blueprints/HallSegment.HallSegment_C:ExecuteUbergraph_HallSegment
[2018.11.02-14.19.27:194][  0]LogUObjectGlobals: Destroyed PersistentFrame Addr=0x0000020f39eaacc0, Size=224
[2018.11.02-14.19.27:194][  0]LogUObjectGlobals: Created PersistentFrame Addr=0x0000020f39eaacc0, Size=224, Default__HallSegment_C Function /Engine/Transient.REINST_HallSegment_C_12:ExecuteUbergraph_HallSegment
[2018.11.02-14.19.27:194][  0]LogUObjectGlobals: Destroyed PersistentFrame Addr=0x0000020f39e37a00, Size=16
[2018.11.02-14.19.27:194][  0]LogUObjectGlobals: Created PersistentFrame Addr=0x0000020f39e37a00, Size=16, Default__FirstPersonGameMode_C Function /Engine/Transient.REINST_FirstPersonGameMode_C_13:ExecuteUbergraph_FirstPersonGameMode
[2018.11.02-14.19.27:213][  0]LogUObjectGlobals: Created PersistentFrame Addr=0x0000020f154765c0, Size=224, Default__HallSegment_C Function /Game/FirstPersonBP/Blueprints/HallSegment.HallSegment_C:ExecuteUbergraph_HallSegment
[2018.11.02-14.19.27:214][  0]LogUObjectGlobals: Created PersistentFrame Addr=0x0000020f39e373c0, Size=16, Default__FirstPersonGameMode_C Function /Game/FirstPersonBP/Blueprints/FirstPersonGameMode.FirstPersonGameMode_C:ExecuteUbergraph_FirstPersonGameMode
[2018.11.02-14.19.27:231][  0]LogLinker: Warning: Can't find file '/Game/FirstPersonBP/Maps/FirstPersonExampleMap_BuiltData'
[2018.11.02-14.19.27:231][  0]LogLinker: Warning: Can't find file for asset '/Game/FirstPersonBP/Maps/FirstPersonExampleMap_BuiltData' while loading C:/Users/Gabe/Documents/GitHub/SpookJam2018/HorrorRunner/Content/FirstPersonBP/Maps/FirstPersonExampleMap.umap.
[2018.11.02-14.19.27:231][  0]LoadErrors: Error: /Game/FirstPersonBP/Maps/FirstPersonExampleMap : Can't find file for asset. /Game/FirstPersonBP/Maps/FirstPersonExampleMap_BuiltData
[2018.11.02-14.19.27:234][  0]LogLinker: Warning: Can't find file '/Game/FirstPersonBP/Maps/FirstPersonExampleMap_BuiltData'
[2018.11.02-14.19.27:234][  0]LogLinker: Warning: Can't find file for asset '/Game/FirstPersonBP/Maps/FirstPersonExampleMap_BuiltData' while loading C:/Users/Gabe/Documents/GitHub/SpookJam2018/HorrorRunner/Content/FirstPersonBP/Maps/FirstPersonExampleMap.umap.
[2018.11.02-14.19.27:234][  0]LoadErrors: Error: /Game/FirstPersonBP/Maps/FirstPersonExampleMap : Can't find file for asset. /Game/FirstPersonBP/Maps/FirstPersonExampleMap_BuiltData
[2018.11.02-14.19.27:236][  0]LogLinker: Warning: Can't find file '/Game/FirstPersonBP/Maps/FirstPersonExampleMap_BuiltData'
[2018.11.02-14.19.27:237][  0]LogLinker: Warning: Can't find file for asset '/Game/FirstPersonBP/Maps/FirstPersonExampleMap_BuiltData' while loading NULL.
[2018.11.02-14.19.27:237][  0]LogLinker: Warning: Can't find file '/Game/FirstPersonBP/Maps/FirstPersonExampleMap_BuiltData'
[2018.11.02-14.19.27:237][  0]LogLinker: Warning: Can't find file for asset '/Game/FirstPersonBP/Maps/FirstPersonExampleMap_BuiltData' while loading NULL.
[2018.11.02-14.19.27:292][  0]LogLinker: Warning: Can't find file '/Game/FirstPersonBP/Maps/FirstPersonExampleMap_BuiltData'
[2018.11.02-14.19.27:292][  0]LoadErrors: Failed to load /Game/FirstPersonBP/Maps/FirstPersonExampleMap_BuiltData.FirstPersonExampleMap_BuiltData Referenced by PersistentLevel
[2018.11.02-14.19.27:292][  0]LogLinker: Warning: Can't find file for asset '/Game/FirstPersonBP/Maps/FirstPersonExampleMap_BuiltData' while loading NULL.
[2018.11.02-14.19.27:292][  0]LoadErrors: Failed to load /Game/FirstPersonBP/Maps/FirstPersonExampleMap_BuiltData.FirstPersonExampleMap_BuiltData Referenced by PersistentLevel
[2018.11.02-14.19.28:316][  0]LogSkeletalMesh: Skeletal Mesh found in DDC [52.092350ms] /Game/FirstPerson/Character/Mesh/SK_Mannequin_Arms.SK_Mannequin_Arms
[2018.11.02-14.19.28:585][  0]LogSkeletalMesh: Skeletal Mesh found in DDC [14.223530ms] /Game/FirstPerson/FPWeapon/Mesh/SK_FPGun.SK_FPGun
[2018.11.02-14.19.28:735][  0]LogAIModule: Creating AISystem for world FirstPersonExampleMap
[2018.11.02-14.19.30:419][  0]LogEditorServer: Finished looking for orphan Actors (0.000 secs)
[2018.11.02-14.19.30:998][  0]LogUObjectGlobals: Destroyed PersistentFrame Addr=0x0000020f33c00090, Size=72
[2018.11.02-14.19.31:013][  0]LogUObjectGlobals: Destroyed PersistentFrame Addr=0x0000020f38fef900, Size=256
[2018.11.02-14.19.31:013][  0]LogUObjectGlobals: Destroyed PersistentFrame Addr=0x0000020f398ece00, Size=528
[2018.11.02-14.19.31:013][  0]LogUObjectGlobals: Destroyed PersistentFrame Addr=0x0000020f38fd6748, Size=52
[2018.11.02-14.19.31:013][  0]LogUObjectGlobals: Destroyed PersistentFrame Addr=0x0000020f39e37a00, Size=16
[2018.11.02-14.19.31:013][  0]LogUObjectGlobals: Destroyed PersistentFrame Addr=0x0000020f39eaacc0, Size=224
[2018.11.02-14.19.31:076][  0]Cmd: MAP CHECKDEP NOCLEARLOG
[2018.11.02-14.19.31:287][  0]MapCheck: Map check complete: 0 Error(s), 0 Warning(s), took 211.418ms to complete.
[2018.11.02-14.19.31:288][  0]LogFileHelpers: Loading map 'FirstPersonExampleMap' took 8.741
[2018.11.02-14.19.34:124][  0]LogCollectionManager: Loaded 0 collections in 0.001209 seconds
[2018.11.02-14.19.34:299][  0]LogFileCache: Scanning file cache for directory 'C:/Users/Gabe/Documents/GitHub/SpookJam2018/HorrorRunner/Saved/Collections/' took 0.01s
[2018.11.02-14.19.34:299][  0]LogFileCache: Scanning file cache for directory 'C:/Users/Gabe/Documents/GitHub/SpookJam2018/HorrorRunner/Content/Developers/Gabe/Collections/' took 0.01s
[2018.11.02-14.19.34:299][  0]LogFileCache: Scanning file cache for directory 'C:/Users/Gabe/Documents/GitHub/SpookJam2018/HorrorRunner/Content/Collections/' took 0.01s
[2018.11.02-14.19.34:299][  0]LogCollectionManager: Rebuilt the GUID cache for 0 collections in 0.000000 seconds
[2018.11.02-14.19.34:312][  0]LogContentBrowser: Native class hierarchy populated in 0.0115 seconds. Added 2487 classes and 565 folders.
[2018.11.02-14.19.34:434][  0]LogContentBrowser: Native class hierarchy updated for 'WidgetCarousel' in 0.0003 seconds. Added 0 classes and 0 folders.
[2018.11.02-14.19.37:027][  0]LogContentBrowser: Native class hierarchy updated for 'AddContentDialog' in 0.0003 seconds. Added 0 classes and 0 folders.
[2018.11.02-14.19.37:144][  0]LogContentBrowser: Native class hierarchy updated for 'SceneOutliner' in 0.0003 seconds. Added 1 classes and 2 folders.
[2018.11.02-14.19.37:918][  0]LogSlate: Took 0.033647 seconds to synchronously load lazily loaded font '../../../Engine/Content/Slate/Fonts/Roboto-Regular.ttf' (155K)
[2018.11.02-14.19.37:968][  0]LogSlate: Took 0.038451 seconds to synchronously load lazily loaded font '../../../Engine/Content/Slate/Fonts/Roboto-Bold.ttf' (160K)
[2018.11.02-14.19.38:034][  0]LogSlate: Took 0.024332 seconds to synchronously load lazily loaded font '../../../Engine/Content/Editor/Slate/Fonts/FontAwesome.ttf' (139K)
[2018.11.02-14.19.38:724][  0]LogRenderer: Reallocating scene render targets to support 964x436 Format 10 NumSamples 1 (Frame:1).
[2018.11.02-14.19.41:697][  0]LogSlate: FSceneViewport::OnFocusLost() reason 2
[2018.11.02-14.19.42:184][  0]LogSlate: Window 'Tutorials' being destroyed
[2018.11.02-14.19.42:512][  0]LogContentBrowser: Native class hierarchy updated for 'HierarchicalLODOutliner' in 0.0012 seconds. Added 0 classes and 0 folders.
[2018.11.02-14.19.42:512][  0]LogLoad: (Engine Initialization) Total time: 225.24 seconds
[2018.11.02-14.19.42:512][  0]LogLoad: (Engine Initialization) Total Blueprint compile time: 0.00 seconds
[2018.11.02-14.19.43:260][  0]LogContentStreaming: Texture pool size now 1000 MB
[2018.11.02-14.19.43:331][  0]LogSlate: FSceneViewport::OnFocusLost() reason 2
[2018.11.02-14.19.43:945][  0]LogSlate: Took 0.020712 seconds to synchronously load lazily loaded font '../../../Engine/Content/Slate/Fonts/Roboto-Light.ttf' (167K)
[2018.11.02-14.19.45:841][  2]LogSlate: Took 0.000451 seconds to synchronously load lazily loaded font '../../../Engine/Content/Slate/Fonts/Roboto-Light.ttf' (167K)
[2018.11.02-14.19.46:138][  3]LogAssetRegistry: Asset discovery search completed in 149.1812 seconds
[2018.11.02-14.19.46:166][  3]LogCollectionManager: Rebuilt the object cache for 0 collections in 0.000001 seconds (found 0 objects)
[2018.11.02-14.19.46:166][  3]LogCollectionManager: Fixed up redirectors for 0 collections in 0.006592 seconds (updated 0 objects)
[2018.11.02-14.20.56:636][374]LogSlate: Window 'Message Log' being destroyed
[2018.11.02-14.20.56:640][374]LogSlate: Window 'Message Log' being destroyed
[2018.11.02-14.20.58:826][450]LogEditorViewport: Clicking on Actor (context menu): BP_Sky_Sphere_C (SkySphereBlueprint)
[2018.11.02-14.20.59:902][450]LogSlate: FSceneViewport::OnFocusLost() reason 2
[2018.11.02-14.21.03:115][585]LogSlate: FSceneViewport::OnFocusLost() reason 0
[2018.11.02-14.21.08:635][914]LogSlate: FSceneViewport::OnFocusLost() reason 0
[2018.11.02-14.22.10:898][387]LogSlate: FSceneViewport::OnFocusLost() reason 0
[2018.11.02-14.23.01:976][ 27]LogFactory: FactoryCreateFile: StaticMesh with FbxFactory (0 0 C:/Users/Gabe/Desktop/hallway.fbx)
[2018.11.02-14.23.02:127][ 27]LogFbx: ItemName: GlobalSettings, ItemCount : 1
[2018.11.02-14.23.02:127][ 27]LogFbx: ItemName: NodeAttribute, ItemCount : 2
[2018.11.02-14.23.02:127][ 27]LogFbx: ItemName: Geometry, ItemCount : 1
[2018.11.02-14.23.02:127][ 27]LogFbx: ItemName: Model, ItemCount : 3
[2018.11.02-14.23.02:137][ 27]LogFbx: Loading FBX Scene from C:/Users/Gabe/Desktop/hallway.fbx
[2018.11.02-14.23.02:148][ 27]LogFbx: FBX Scene Loaded Succesfully
[2018.11.02-14.23.10:908][ 27]LogSlate: Window 'FBX Import Options' being destroyed
[2018.11.02-14.23.11:033][ 27]LogFbx: Loading FBX Scene from C:/Users/Gabe/Desktop/hallway.fbx
[2018.11.02-14.23.11:042][ 27]LogFbx: FBX Scene Loaded Succesfully
[2018.11.02-14.23.11:097][ 27]LogFbx: Warning: Triangulating static mesh Plane
[2018.11.02-14.23.11:175][ 27]LogStaticMesh: Building static mesh hallway...
[2018.11.02-14.23.11:194][ 27]LogStaticMesh: Built static mesh [0.02s] /Game/Geometry/Meshes/hallway.hallway
[2018.11.02-14.23.13:603][141]LogActorFactory: Actor Factory created hallway
[2018.11.02-14.23.14:622][188]LogActorFactory: Actor Factory created hallway
[2018.11.02-14.23.51:885][638]LogSlate: FSceneViewport::OnFocusLost() reason 2
[2018.11.02-14.23.53:782][738]LogEditorViewport: Clicking on Actor (context menu): StaticMeshActor (hallway)
[2018.11.02-14.23.53:876][738]LogSlate: FSceneViewport::OnFocusLost() reason 2
[2018.11.02-14.23.54:506][774]LogEditorViewport: Clicking on Actor (LMB): StaticMeshActor (hallway)
[2018.11.02-14.23.55:209][813]Cmd: DELETE
[2018.11.02-14.23.55:209][813]Cmd: ACTOR DELETE
[2018.11.02-14.23.55:447][813]LogEditorActor: Deleted Actor: StaticMeshActor
[2018.11.02-14.23.55:480][813]LogEditorActor: Deleted 1 Actors (0.068 secs)
[2018.11.02-14.23.56:677][877]LogSlate: FSceneViewport::OnFocusLost() reason 0
[2018.11.02-14.23.58:326][964]LogEditorFactories: Performing atomic reimport of [C:/Users/Gabe/Desktop/hallway.fbx]
[2018.11.02-14.23.58:368][964]LogFbx: Loading FBX Scene from C:/Users/Gabe/Desktop/hallway.fbx
[2018.11.02-14.23.58:386][964]LogFbx: FBX Scene Loaded Succesfully
[2018.11.02-14.23.58:414][964]LogFbx: Warning: Triangulating static mesh Plane
[2018.11.02-14.23.58:431][964]LogStaticMesh: Building static mesh hallway...
[2018.11.02-14.23.58:433][964]LogStaticMesh: Built static mesh [0.00s] /Game/Geometry/Meshes/hallway.hallway
[2018.11.02-14.23.58:444][964]LogEditorFactories: -- imported successfully
[2018.11.02-14.23.59:856][ 35]LogActorFactory: Actor Factory created hallway
[2018.11.02-14.24.00:433][ 69]LogActorFactory: Actor Factory created hallway
[2018.11.02-14.24.02:859][197]LogSlate: FSceneViewport::OnFocusLost() reason 2
[2018.11.02-14.24.06:002][335]LogSlate: FSceneViewport::OnFocusLost() reason 2
[2018.11.02-14.24.10:239][558]LogSlate: FSceneViewport::OnFocusLost() reason 2
[2018.11.02-14.24.24:304][315]LogSlate: FSceneViewport::OnFocusLost() reason 0
[2018.11.02-14.24.31:342][675]LogSlate: FSceneViewport::OnFocusLost() reason 0
[2018.11.02-14.24.31:425][680]LogTemp: Repeating last play command: Simulate
[2018.11.02-14.24.31:507][680]LogBlueprintUserMessages: Early PlayInEditor Detection: Level '/Game/FirstPersonBP/Maps/FirstPersonExampleMap.FirstPersonExampleMap:PersistentLevel' has LevelScriptBlueprint '/Game/FirstPersonBP/Maps/FirstPersonExampleMap.FirstPersonExampleMap:PersistentLevel.FirstPersonExampleMap' with GeneratedClass '/Game/FirstPersonBP/Maps/FirstPersonExampleMap.FirstPersonExampleMap_C' with ClassGeneratedBy '/Game/FirstPersonBP/Maps/FirstPersonExampleMap.FirstPersonExampleMap:PersistentLevel.FirstPersonExampleMap'
[2018.11.02-14.24.31:536][680]LogPlayLevel: PlayLevel: No blueprints needed recompiling
[2018.11.02-14.24.31:674][680]PIE: New page: SIE session: FirstPersonExampleMap (2 Nov 2018 14:24:31)
[2018.11.02-14.24.31:690][680]LogPlayLevel: Creating play world package: /Game/FirstPersonBP/Maps/UEDPIE_0_FirstPersonExampleMap
[2018.11.02-14.24.31:785][680]LogPlayLevel: PIE: StaticDuplicateObject took: (0.094703s)
[2018.11.02-14.24.31:786][680]LogAIModule: Creating AISystem for world FirstPersonExampleMap
[2018.11.02-14.24.31:794][680]LogPlayLevel: PIE: World Init took: (0.008926s)
[2018.11.02-14.24.31:794][680]LogPlayLevel: PIE: Created PIE world by copying editor world from /Game/FirstPersonBP/Maps/FirstPersonExampleMap.FirstPersonExampleMap to /Game/FirstPersonBP/Maps/UEDPIE_0_FirstPersonExampleMap.FirstPersonExampleMap (0.103874s)
[2018.11.02-14.24.31:837][680]LogInit: XAudio2 using 'Speakers (Conexant SmartAudio HD)' : 2 channels at 48 kHz using 32 bits per sample (channel mask 0x3)
[2018.11.02-14.24.31:957][680]LogInit: FAudioDevice initialized.
[2018.11.02-14.24.32:105][680]LogLoad: Game class is 'FirstPersonGameMode_C'
[2018.11.02-14.24.32:220][680]LogWorld: Bringing World /Game/FirstPersonBP/Maps/UEDPIE_0_FirstPersonExampleMap.FirstPersonExampleMap up for play (max tick rate 60) at 2018.11.02-14.24.32
[2018.11.02-14.24.32:270][680]LogWorld: Bringing up level for play took: 0.069746
[2018.11.02-14.24.32:393][680]LogContentBrowser: Native class hierarchy updated for 'MovieSceneCapture' in 0.0003 seconds. Added 11 classes and 0 folders.
[2018.11.02-14.24.32:459][680]PIE: Play in editor start time for /Game/FirstPersonBP/Maps/UEDPIE_0_FirstPersonExampleMap 1.85
[2018.11.02-14.24.32:713][680]LogBlueprintUserMessages: Late PlayInEditor Detection: Level '/Game/FirstPersonBP/Maps/FirstPersonExampleMap.FirstPersonExampleMap:PersistentLevel' has LevelScriptBlueprint '/Game/FirstPersonBP/Maps/FirstPersonExampleMap.FirstPersonExampleMap:PersistentLevel.FirstPersonExampleMap' with GeneratedClass '/Game/FirstPersonBP/Maps/FirstPersonExampleMap.FirstPersonExampleMap_C' with ClassGeneratedBy '/Game/FirstPersonBP/Maps/FirstPersonExampleMap.FirstPersonExampleMap:PersistentLevel.FirstPersonExampleMap'
[2018.11.02-14.24.40:723][122]LogSlate: FSceneViewport::OnFocusLost() reason 0
[2018.11.02-14.24.40:825][128]LogBlueprintUserMessages: Early EndPlayMap Detection: Level '/Game/FirstPersonBP/Maps/FirstPersonExampleMap.FirstPersonExampleMap:PersistentLevel' has LevelScriptBlueprint '/Game/FirstPersonBP/Maps/FirstPersonExampleMap.FirstPersonExampleMap:PersistentLevel.FirstPersonExampleMap' with GeneratedClass '/Game/FirstPersonBP/Maps/FirstPersonExampleMap.FirstPersonExampleMap_C' with ClassGeneratedBy '/Game/FirstPersonBP/Maps/FirstPersonExampleMap.FirstPersonExampleMap:PersistentLevel.FirstPersonExampleMap'
[2018.11.02-14.24.40:928][128]LogBlueprintUserMessages: Late EndPlayMap Detection: Level '/Game/FirstPersonBP/Maps/FirstPersonExampleMap.FirstPersonExampleMap:PersistentLevel' has LevelScriptBlueprint '/Game/FirstPersonBP/Maps/FirstPersonExampleMap.FirstPersonExampleMap:PersistentLevel.FirstPersonExampleMap' with GeneratedClass '/Game/FirstPersonBP/Maps/FirstPersonExampleMap.FirstPersonExampleMap_C' with ClassGeneratedBy '/Game/FirstPersonBP/Maps/FirstPersonExampleMap.FirstPersonExampleMap:PersistentLevel.FirstPersonExampleMap'
[2018.11.02-14.24.49:988][649]LogSlate: FSceneViewport::OnFocusLost() reason 0
[2018.11.02-14.24.50:748][653]LogSavePackage: Save=510.74ms
[2018.11.02-14.24.50:748][653]LogSavePackage: Moving 'C:/Users/Gabe/Documents/GitHub/SpookJam2018/HorrorRunner/Saved/FirstPersonExampleMap8CFB9EE4499F253999A233A5A56A38EF.tmp' to 'C:/Users/Gabe/Documents/GitHub/SpookJam2018/HorrorRunner/Content/FirstPersonBP/Maps/FirstPersonExampleMap.umap'
[2018.11.02-14.24.50:769][653]LogSavePackage: Display: Finished SavePackage C:/Users/Gabe/Documents/GitHub/SpookJam2018/HorrorRunner/Content/FirstPersonBP/Maps/FirstPersonExampleMap.umap
